-------------------------------------------------------------------------------
Test set: Selleniun_start_projects.Selleniun_start_projects.PasswordTest
-------------------------------------------------------------------------------
Tests run: 5, Failures: 1, Errors: 0, Skipped: 0, Time elapsed: 25.223 s <<< FAILURE! - in Selleniun_start_projects.Selleniun_start_projects.PasswordTest
testPassword_Long(Selleniun_start_projects.Selleniun_start_projects.PasswordTest)  Time elapsed: 5.512 s  <<< FAILURE!
org.junit.ComparisonFailure: expected:<[Inv]alid Value> but was:<[V]alid Value>
	at Selleniun_start_projects.Selleniun_start_projects.PasswordTest.testPassword_Long(PasswordTest.java:68)

