<?xml version="1.0" encoding="UTF-8"?>
<testsuite xmlns:xsi="http://www.w3.org/2001/XMLSchema-instance" xsi:noNamespaceSchemaLocation="https://maven.apache.org/surefire/maven-surefire-plugin/xsd/surefire-test-report.xsd" name="Selleniun_start_projects.Selleniun_start_projects.PasswordTest" time="23.305" tests="5" errors="0" skipped="0" failures="1">
  <properties>
[...]
</properties>
  <testcase name="testPassword_Long" classname="Selleniun_start_projects.Selleniun_start_projects.PasswordTest" time="4.809">
    <failure message="expected:&lt;[Inv]alid Value&gt; but was:&lt;[V]alid Value&gt;" type="org.junit.ComparisonFailure"><![CDATA[org.junit.ComparisonFailure: expected:<[Inv]alid Value> but was:<[V]alid Value>
	at Selleniun_start_projects.Selleniun_start_projects.PasswordTest.testPassword_Long(PasswordTest.java:68)
]]></failure>
    <system-err><![CDATA[1771234361105	geckodriver	INFO	Listening on 127.0.0.1:50104
1771234361122	mozrunner::runner	INFO	Running command: "C:\\Program Files\\Mozilla Firefox\\firefox.exe" "--marionette" "-no-remote" "-profile" "C:\\Users\\lilia\\AppData\\Local\\Temp\\rust_mozprofileylDnw5"
console.warn: services.settings: Ignoring preference override of remote settings server
console.warn: services.settings: Allow by setting MOZ_REMOTE_SETTINGS_DEVTOOLS=1 in the environment
1771234361378	Marionette	INFO	Marionette enabled
Dynamically enable window occlusion 0
1771234361460	Marionette	INFO	Listening on port 58616
Read port: 58616
1771234361576	RemoteAgent	WARN	TLS certificate errors will be ignored for this session
פבר׳ 16, 2026 11:32:43 AM org.openqa.selenium.remote.ProtocolHandshake createSession
INFO: Detected dialect: W3C
1771234364816	Marionette	INFO	Stopped listening on port 58616
Dynamically enable window occlusion 1
console.warn: TopSitesFeed: Failed to fetch data from MARS server: NetworkError when attempting to fetch resource.
]]></system-err>
  </testcase>
  <testcase name="testPassword_Short" classname="Selleniun_start_projects.Selleniun_start_projects.PasswordTest" time="4.579"/>
  <testcase name="testPassword_Valid" classname="Selleniun_start_projects.Selleniun_start_projects.PasswordTest" time="4.806"/>
  <testcase name="testPassword_WithStar" classname="Selleniun_start_projects.Selleniun_start_projects.PasswordTest" time="4.529"/>
  <testcase name="testPassword_InvalidCharacter" classname="Selleniun_start_projects.Selleniun_start_projects.PasswordTest" time="4.578"/>
</testsuite>