<?xml version="1.0" encoding="UTF-8"?>
<testsuite xmlns:xsi="http://www.w3.org/2001/XMLSchema-instance" xsi:noNamespaceSchemaLocation="https://maven.apache.org/surefire/maven-surefire-plugin/xsd/surefire-test-report.xsd" name="Selleniun_start_projects.Selleniun_start_projects.CalculatorTest" time="53.842" tests="6" errors="0" skipped="0" failures="0">
  <properties>
[...]
</properties>
  <testcase name="testSubtraction_6_minus_4" classname="Selleniun_start_projects.Selleniun_start_projects.CalculatorTest" time="13.828"/>
  <testcase name="testSubtraction_8_minus_8" classname="Selleniun_start_projects.Selleniun_start_projects.CalculatorTest" time="12.662"/>
  <testcase name="testAddition_1_plus_2" classname="Selleniun_start_projects.Selleniun_start_projects.CalculatorTest" time="12.59"/>
  <testcase name="testMultiplication_9_times_0" classname="Selleniun_start_projects.Selleniun_start_projects.CalculatorTest" time="5.164"/>
  <testcase name="testAddition_7_plus_3" classname="Selleniun_start_projects.Selleniun_start_projects.CalculatorTest" time="4.871"/>
  <testcase name="testMultiplication_4_times_2" classname="Selleniun_start_projects.Selleniun_start_projects.CalculatorTest" time="4.725"/>
</testsuite>